TI ARM Assembler Unix v5.2.5 Mon Feb  1 14:22:41 2016

Tools Copyright (c) 1996-2015 Texas Instruments Incorporated
tm4c1230h6pm_startup_ccs.asm                                         PAGE    1

       1                    ;******************************************************************************
       2                    ;* TI ARM C/C++ Codegen                                           Unix v5.2.5 *
       3                    ;* Date/Time created: Mon Feb  1 14:22:41 2016                                *
       4                    ;******************************************************************************
       5                            .compiler_opts --abi=eabi --arm_vmrs_si_workaround=off --code_state=16 --diag_wrap=off --disab
       6 00000000                   .thumb
       7                    
       8                    $C$DW$CU        .dwtag  DW_TAG_compile_unit
       9                            .dwattr $C$DW$CU, DW_AT_name("../tm4c1230h6pm_startup_ccs.c")
      10                            .dwattr $C$DW$CU, DW_AT_producer("TI TI ARM C/C++ Codegen Unix v5.2.5 Copyright (c) 1996-2015 
      11                            .dwattr $C$DW$CU, DW_AT_TI_version(0x01)
      12                            .dwattr $C$DW$CU, DW_AT_comp_dir("/home/saurav/Dropbox/M.Tech_IITB/EE712-Codes/CCS-Workspace/L
      13                    $C$DW$1 .dwtag  DW_TAG_variable, DW_AT_name("__STACK_TOP")
      14                            .dwattr $C$DW$1, DW_AT_TI_symbol_name("__STACK_TOP")
      15                            .dwattr $C$DW$1, DW_AT_type(*$C$DW$T$37)
      16                            .dwattr $C$DW$1, DW_AT_declaration
      17                            .dwattr $C$DW$1, DW_AT_external
      18                            .dwattr $C$DW$1, DW_AT_decl_file("../tm4c1230h6pm_startup_ccs.c")
      19                            .dwattr $C$DW$1, DW_AT_decl_line(0x32)
      20                            .dwattr $C$DW$1, DW_AT_decl_column(0x11)
      21                            .global g_pfnVectors
      22 00000000                   .sect   ".intvecs"
      23                            .align  4
      24                            .elfsym g_pfnVectors,SYM_SIZE(620)
      25 00000000           g_pfnVectors:
      26 00000000 00000000!         .bits   __STACK_TOP,32          ; g_pfnVectors[0] @ 0
      27 00000004 00000000!         .bits   ResetISR,32             ; g_pfnVectors[1] @ 32
      28 00000008 00000000!         .bits   NmiSR,32                ; g_pfnVectors[2] @ 64
      29 0000000c 00000000!         .bits   FaultISR,32             ; g_pfnVectors[3] @ 96
      30 00000010 00000000!         .bits   IntDefaultHandler,32            ; g_pfnVectors[4] @ 128
      31 00000014 00000000!         .bits   IntDefaultHandler,32            ; g_pfnVectors[5] @ 160
      32 00000018 00000000!         .bits   IntDefaultHandler,32            ; g_pfnVectors[6] @ 192
      33 0000001c 00000000          .bits   0,32                    ; g_pfnVectors[7] @ 224
      34 00000020 00000000          .bits   0,32                    ; g_pfnVectors[8] @ 256
      35 00000024 00000000          .bits   0,32                    ; g_pfnVectors[9] @ 288
      36 00000028 00000000          .bits   0,32                    ; g_pfnVectors[10] @ 320
      37 0000002c 00000000!         .bits   IntDefaultHandler,32            ; g_pfnVectors[11] @ 352
      38 00000030 00000000!         .bits   IntDefaultHandler,32            ; g_pfnVectors[12] @ 384
      39 00000034 00000000          .bits   0,32                    ; g_pfnVectors[13] @ 416
      40 00000038 00000000!         .bits   IntDefaultHandler,32            ; g_pfnVectors[14] @ 448
      41 0000003c 00000000!         .bits   IntDefaultHandler,32            ; g_pfnVectors[15] @ 480
      42 00000040 00000000!         .bits   IntDefaultHandler,32            ; g_pfnVectors[16] @ 512
      43 00000044 00000000!         .bits   IntDefaultHandler,32            ; g_pfnVectors[17] @ 544
      44 00000048 00000000!         .bits   IntDefaultHandler,32            ; g_pfnVectors[18] @ 576
      45 0000004c 00000000!         .bits   IntDefaultHandler,32            ; g_pfnVectors[19] @ 608
      46 00000050 00000000!         .bits   IntDefaultHandler,32            ; g_pfnVectors[20] @ 640
      47 00000054 00000000!         .bits   IntDefaultHandler,32            ; g_pfnVectors[21] @ 672
      48 00000058 00000000!         .bits   IntDefaultHandler,32            ; g_pfnVectors[22] @ 704
      49 0000005c 00000000!         .bits   IntDefaultHandler,32            ; g_pfnVectors[23] @ 736
      50 00000060 00000000!         .bits   IntDefaultHandler,32            ; g_pfnVectors[24] @ 768
      51 00000064 00000000!         .bits   IntDefaultHandler,32            ; g_pfnVectors[25] @ 800
      52 00000068 00000000!         .bits   IntDefaultHandler,32            ; g_pfnVectors[26] @ 832
      53 0000006c 00000000!         .bits   IntDefaultHandler,32            ; g_pfnVectors[27] @ 864
      54 00000070 00000000!         .bits   IntDefaultHandler,32            ; g_pfnVectors[28] @ 896
      55 00000074 00000000!         .bits   IntDefaultHandler,32            ; g_pfnVectors[29] @ 928
TI ARM Assembler Unix v5.2.5 Mon Feb  1 14:22:41 2016

Tools Copyright (c) 1996-2015 Texas Instruments Incorporated
tm4c1230h6pm_startup_ccs.asm                                         PAGE    2

      56 00000078 00000000!         .bits   IntDefaultHandler,32            ; g_pfnVectors[30] @ 960
      57 0000007c 00000000!         .bits   IntDefaultHandler,32            ; g_pfnVectors[31] @ 992
      58 00000080 00000000!         .bits   IntDefaultHandler,32            ; g_pfnVectors[32] @ 1024
      59 00000084 00000000!         .bits   IntDefaultHandler,32            ; g_pfnVectors[33] @ 1056
      60 00000088 00000000!         .bits   IntDefaultHandler,32            ; g_pfnVectors[34] @ 1088
      61 0000008c 00000000!         .bits   IntDefaultHandler,32            ; g_pfnVectors[35] @ 1120
      62 00000090 00000000!         .bits   IntDefaultHandler,32            ; g_pfnVectors[36] @ 1152
      63 00000094 00000000!         .bits   IntDefaultHandler,32            ; g_pfnVectors[37] @ 1184
      64 00000098 00000000!         .bits   IntDefaultHandler,32            ; g_pfnVectors[38] @ 1216
      65 0000009c 00000000!         .bits   IntDefaultHandler,32            ; g_pfnVectors[39] @ 1248
      66 000000a0 00000000!         .bits   IntDefaultHandler,32            ; g_pfnVectors[40] @ 1280
      67 000000a4 00000000!         .bits   IntDefaultHandler,32            ; g_pfnVectors[41] @ 1312
      68 000000a8 00000000!         .bits   IntDefaultHandler,32            ; g_pfnVectors[42] @ 1344
      69 000000ac 00000000!         .bits   IntDefaultHandler,32            ; g_pfnVectors[43] @ 1376
      70 000000b0 00000000!         .bits   IntDefaultHandler,32            ; g_pfnVectors[44] @ 1408
      71 000000b4 00000000!         .bits   IntDefaultHandler,32            ; g_pfnVectors[45] @ 1440
      72 000000b8 00000000!         .bits   IntDefaultHandler,32            ; g_pfnVectors[46] @ 1472
      73 000000bc 00000000!         .bits   IntDefaultHandler,32            ; g_pfnVectors[47] @ 1504
      74 000000c0 00000000!         .bits   IntDefaultHandler,32            ; g_pfnVectors[48] @ 1536
      75 000000c4 00000000!         .bits   IntDefaultHandler,32            ; g_pfnVectors[49] @ 1568
      76 000000c8 00000000!         .bits   IntDefaultHandler,32            ; g_pfnVectors[50] @ 1600
      77 000000cc 00000000!         .bits   IntDefaultHandler,32            ; g_pfnVectors[51] @ 1632
      78 000000d0 00000000!         .bits   IntDefaultHandler,32            ; g_pfnVectors[52] @ 1664
      79 000000d4 00000000!         .bits   IntDefaultHandler,32            ; g_pfnVectors[53] @ 1696
      80 000000d8 00000000!         .bits   IntDefaultHandler,32            ; g_pfnVectors[54] @ 1728
      81 000000dc 00000000!         .bits   IntDefaultHandler,32            ; g_pfnVectors[55] @ 1760
      82 000000e0 00000000!         .bits   IntDefaultHandler,32            ; g_pfnVectors[56] @ 1792
      83 000000e4 00000000          .bits   0,32                    ; g_pfnVectors[57] @ 1824
      84 000000e8 00000000          .bits   0,32                    ; g_pfnVectors[58] @ 1856
      85 000000ec 00000000!         .bits   IntDefaultHandler,32            ; g_pfnVectors[59] @ 1888
      86 000000f0 00000000!         .bits   IntDefaultHandler,32            ; g_pfnVectors[60] @ 1920
      87 000000f4 00000000!         .bits   IntDefaultHandler,32            ; g_pfnVectors[61] @ 1952
      88 000000f8 00000000!         .bits   IntDefaultHandler,32            ; g_pfnVectors[62] @ 1984
      89 000000fc 00000000!         .bits   IntDefaultHandler,32            ; g_pfnVectors[63] @ 2016
      90 00000100 00000000!         .bits   IntDefaultHandler,32            ; g_pfnVectors[64] @ 2048
      91 00000104 00000000!         .bits   IntDefaultHandler,32            ; g_pfnVectors[65] @ 2080
      92 00000108 00000000!         .bits   IntDefaultHandler,32            ; g_pfnVectors[66] @ 2112
      93 0000010c 00000000!         .bits   IntDefaultHandler,32            ; g_pfnVectors[67] @ 2144
      94 00000110 00000000          .bits   0,32                    ; g_pfnVectors[68] @ 2176
      95 00000114 00000000          .bits   0,32                    ; g_pfnVectors[69] @ 2208
      96 00000118 00000000!         .bits   IntDefaultHandler,32            ; g_pfnVectors[70] @ 2240
      97 0000011c 00000000!         .bits   IntDefaultHandler,32            ; g_pfnVectors[71] @ 2272
      98 00000120 00000000!         .bits   IntDefaultHandler,32            ; g_pfnVectors[72] @ 2304
      99 00000124 00000000!         .bits   IntDefaultHandler,32            ; g_pfnVectors[73] @ 2336
     100 00000128 00000000!         .bits   IntDefaultHandler,32            ; g_pfnVectors[74] @ 2368
     101 0000012c 00000000!         .bits   IntDefaultHandler,32            ; g_pfnVectors[75] @ 2400
     102 00000130 00000000!         .bits   IntDefaultHandler,32            ; g_pfnVectors[76] @ 2432
     103 00000134 00000000!         .bits   IntDefaultHandler,32            ; g_pfnVectors[77] @ 2464
     104 00000138 00000000!         .bits   IntDefaultHandler,32            ; g_pfnVectors[78] @ 2496
     105 0000013c 00000000!         .bits   IntDefaultHandler,32            ; g_pfnVectors[79] @ 2528
     106 00000140 00000000          .bits   0,32                    ; g_pfnVectors[80] @ 2560
     107 00000144 00000000          .bits   0,32                    ; g_pfnVectors[81] @ 2592
     108 00000148 00000000          .bits   0,32                    ; g_pfnVectors[82] @ 2624
     109 0000014c 00000000          .bits   0,32                    ; g_pfnVectors[83] @ 2656
     110 00000150 00000000!         .bits   IntDefaultHandler,32            ; g_pfnVectors[84] @ 2688
TI ARM Assembler Unix v5.2.5 Mon Feb  1 14:22:41 2016

Tools Copyright (c) 1996-2015 Texas Instruments Incorporated
tm4c1230h6pm_startup_ccs.asm                                         PAGE    3

     111 00000154 00000000!         .bits   IntDefaultHandler,32            ; g_pfnVectors[85] @ 2720
     112 00000158 00000000!         .bits   IntDefaultHandler,32            ; g_pfnVectors[86] @ 2752
     113 0000015c 00000000!         .bits   IntDefaultHandler,32            ; g_pfnVectors[87] @ 2784
     114 00000160 00000000          .bits   0,32                    ; g_pfnVectors[88] @ 2816
     115 00000164 00000000          .bits   0,32                    ; g_pfnVectors[89] @ 2848
     116 00000168 00000000          .bits   0,32                    ; g_pfnVectors[90] @ 2880
     117 0000016c 00000000          .bits   0,32                    ; g_pfnVectors[91] @ 2912
     118 00000170 00000000          .bits   0,32                    ; g_pfnVectors[92] @ 2944
     119 00000174 00000000          .bits   0,32                    ; g_pfnVectors[93] @ 2976
     120 00000178 00000000          .bits   0,32                    ; g_pfnVectors[94] @ 3008
     121 0000017c 00000000          .bits   0,32                    ; g_pfnVectors[95] @ 3040
     122 00000180 00000000          .bits   0,32                    ; g_pfnVectors[96] @ 3072
     123 00000184 00000000          .bits   0,32                    ; g_pfnVectors[97] @ 3104
     124 00000188 00000000          .bits   0,32                    ; g_pfnVectors[98] @ 3136
     125 0000018c 00000000          .bits   0,32                    ; g_pfnVectors[99] @ 3168
     126 00000190 00000000          .bits   0,32                    ; g_pfnVectors[100] @ 3200
     127 00000194 00000000          .bits   0,32                    ; g_pfnVectors[101] @ 3232
     128 00000198 00000000          .bits   0,32                    ; g_pfnVectors[102] @ 3264
     129 0000019c 00000000          .bits   0,32                    ; g_pfnVectors[103] @ 3296
     130 000001a0 00000000          .bits   0,32                    ; g_pfnVectors[104] @ 3328
     131 000001a4 00000000          .bits   0,32                    ; g_pfnVectors[105] @ 3360
     132 000001a8 00000000          .bits   0,32                    ; g_pfnVectors[106] @ 3392
     133 000001ac 00000000          .bits   0,32                    ; g_pfnVectors[107] @ 3424
     134 000001b0 00000000!         .bits   IntDefaultHandler,32            ; g_pfnVectors[108] @ 3456
     135 000001b4 00000000!         .bits   IntDefaultHandler,32            ; g_pfnVectors[109] @ 3488
     136 000001b8 00000000!         .bits   IntDefaultHandler,32            ; g_pfnVectors[110] @ 3520
     137 000001bc 00000000!         .bits   IntDefaultHandler,32            ; g_pfnVectors[111] @ 3552
     138 000001c0 00000000!         .bits   IntDefaultHandler,32            ; g_pfnVectors[112] @ 3584
     139 000001c4 00000000!         .bits   IntDefaultHandler,32            ; g_pfnVectors[113] @ 3616
     140 000001c8 00000000!         .bits   IntDefaultHandler,32            ; g_pfnVectors[114] @ 3648
     141 000001cc 00000000!         .bits   IntDefaultHandler,32            ; g_pfnVectors[115] @ 3680
     142 000001d0 00000000!         .bits   IntDefaultHandler,32            ; g_pfnVectors[116] @ 3712
     143 000001d4 00000000!         .bits   IntDefaultHandler,32            ; g_pfnVectors[117] @ 3744
     144 000001d8 00000000!         .bits   IntDefaultHandler,32            ; g_pfnVectors[118] @ 3776
     145 000001dc 00000000!         .bits   IntDefaultHandler,32            ; g_pfnVectors[119] @ 3808
     146 000001e0 00000000!         .bits   IntDefaultHandler,32            ; g_pfnVectors[120] @ 3840
     147 000001e4 00000000!         .bits   IntDefaultHandler,32            ; g_pfnVectors[121] @ 3872
     148 000001e8 00000000!         .bits   IntDefaultHandler,32            ; g_pfnVectors[122] @ 3904
     149 000001ec 00000000          .bits   0,32                    ; g_pfnVectors[123] @ 3936
     150 000001f0 00000000          .bits   0,32                    ; g_pfnVectors[124] @ 3968
     151 000001f4 00000000!         .bits   IntDefaultHandler,32            ; g_pfnVectors[125] @ 4000
     152 000001f8 00000000!         .bits   IntDefaultHandler,32            ; g_pfnVectors[126] @ 4032
     153 000001fc 00000000!         .bits   IntDefaultHandler,32            ; g_pfnVectors[127] @ 4064
     154 00000200 00000000!         .bits   IntDefaultHandler,32            ; g_pfnVectors[128] @ 4096
     155 00000204 00000000!         .bits   IntDefaultHandler,32            ; g_pfnVectors[129] @ 4128
     156 00000208 00000000          .bits   0,32                    ; g_pfnVectors[130] @ 4160
     157 0000020c 00000000          .bits   0,32                    ; g_pfnVectors[131] @ 4192
     158 00000210 00000000!         .bits   IntDefaultHandler,32            ; g_pfnVectors[132] @ 4224
     159 00000214 00000000!         .bits   IntDefaultHandler,32            ; g_pfnVectors[133] @ 4256
     160 00000218 00000000!         .bits   IntDefaultHandler,32            ; g_pfnVectors[134] @ 4288
     161 0000021c 00000000!         .bits   IntDefaultHandler,32            ; g_pfnVectors[135] @ 4320
     162 00000220 00000000!         .bits   IntDefaultHandler,32            ; g_pfnVectors[136] @ 4352
     163 00000224 00000000!         .bits   IntDefaultHandler,32            ; g_pfnVectors[137] @ 4384
     164 00000228 00000000!         .bits   IntDefaultHandler,32            ; g_pfnVectors[138] @ 4416
     165 0000022c 00000000!         .bits   IntDefaultHandler,32            ; g_pfnVectors[139] @ 4448
TI ARM Assembler Unix v5.2.5 Mon Feb  1 14:22:41 2016

Tools Copyright (c) 1996-2015 Texas Instruments Incorporated
tm4c1230h6pm_startup_ccs.asm                                         PAGE    4

     166 00000230 00000000!         .bits   IntDefaultHandler,32            ; g_pfnVectors[140] @ 4480
     167 00000234 00000000!         .bits   IntDefaultHandler,32            ; g_pfnVectors[141] @ 4512
     168 00000238 00000000!         .bits   IntDefaultHandler,32            ; g_pfnVectors[142] @ 4544
     169 0000023c 00000000!         .bits   IntDefaultHandler,32            ; g_pfnVectors[143] @ 4576
     170 00000240 00000000!         .bits   IntDefaultHandler,32            ; g_pfnVectors[144] @ 4608
     171 00000244 00000000!         .bits   IntDefaultHandler,32            ; g_pfnVectors[145] @ 4640
     172 00000248 00000000!         .bits   IntDefaultHandler,32            ; g_pfnVectors[146] @ 4672
     173 0000024c 00000000!         .bits   IntDefaultHandler,32            ; g_pfnVectors[147] @ 4704
     174 00000250 00000000!         .bits   IntDefaultHandler,32            ; g_pfnVectors[148] @ 4736
     175 00000254 00000000!         .bits   IntDefaultHandler,32            ; g_pfnVectors[149] @ 4768
     176 00000258 00000000!         .bits   IntDefaultHandler,32            ; g_pfnVectors[150] @ 4800
     177 0000025c 00000000!         .bits   IntDefaultHandler,32            ; g_pfnVectors[151] @ 4832
     178 00000260 00000000!         .bits   IntDefaultHandler,32            ; g_pfnVectors[152] @ 4864
     179 00000264 00000000!         .bits   IntDefaultHandler,32            ; g_pfnVectors[153] @ 4896
     180 00000268 00000000!         .bits   IntDefaultHandler,32            ; g_pfnVectors[154] @ 4928
     181                    
     182                    $C$DW$2 .dwtag  DW_TAG_variable, DW_AT_name("g_pfnVectors")
     183                            .dwattr $C$DW$2, DW_AT_TI_symbol_name("g_pfnVectors")
     184                            .dwattr $C$DW$2, DW_AT_location[DW_OP_addr g_pfnVectors]
     185                            .dwattr $C$DW$2, DW_AT_type(*$C$DW$T$22)
     186                            .dwattr $C$DW$2, DW_AT_external
     187                            .dwattr $C$DW$2, DW_AT_decl_file("../tm4c1230h6pm_startup_ccs.c")
     188                            .dwattr $C$DW$2, DW_AT_decl_line(0x43)
     189                            .dwattr $C$DW$2, DW_AT_decl_column(0x0f)
     190                    ;       /opt/ti/ccsv6/tools/compiler/ti-cgt-arm_5.2.5/bin/armacpia -@/tmp/05109lnZJvZ 
     191 00000000                   .sect   ".text"
     192                            .clink
     193                            .thumbfunc ResetISR
     194 00000000                   .thumb
     195                            .global ResetISR
     196                    
     197                    $C$DW$3 .dwtag  DW_TAG_subprogram, DW_AT_name("ResetISR")
     198                            .dwattr $C$DW$3, DW_AT_low_pc(ResetISR)
     199                            .dwattr $C$DW$3, DW_AT_high_pc(0x00)
     200                            .dwattr $C$DW$3, DW_AT_TI_symbol_name("ResetISR")
     201                            .dwattr $C$DW$3, DW_AT_external
     202                            .dwattr $C$DW$3, DW_AT_TI_begin_file("../tm4c1230h6pm_startup_ccs.c")
     203                            .dwattr $C$DW$3, DW_AT_TI_begin_line(0xee)
     204                            .dwattr $C$DW$3, DW_AT_TI_begin_column(0x01)
     205                            .dwattr $C$DW$3, DW_AT_decl_file("../tm4c1230h6pm_startup_ccs.c")
     206                            .dwattr $C$DW$3, DW_AT_decl_line(0xee)
     207                            .dwattr $C$DW$3, DW_AT_decl_column(0x01)
     208                            .dwattr $C$DW$3, DW_AT_TI_max_frame_size(0x00)
     209                            .dwpsn  file "../tm4c1230h6pm_startup_ccs.c",line 239,column 1,is_stmt,address ResetISR,isa 1
     210                    
     211                            .dwfde $C$DW$CIE, ResetISR
     212                    
     213                    ;*****************************************************************************
     214                    ;* FUNCTION NAME: ResetISR                                                   *
     215                    ;*                                                                           *
     216                    ;*   Regs Modified     :                                                     *
     217                    ;*   Regs Used         : LR                                                  *
     218                    ;*   Local Frame Size  : 0 Args + 0 Auto + 0 Save = 0 byte                   *
     219                    ;*****************************************************************************
     220 00000000           ResetISR:
TI ARM Assembler Unix v5.2.5 Mon Feb  1 14:22:41 2016

Tools Copyright (c) 1996-2015 Texas Instruments Incorporated
tm4c1230h6pm_startup_ccs.asm                                         PAGE    5

     221                    ;* --------------------------------------------------------------------------*
     222                            .dwcfi  cfa_offset, 0
     223                            .dwpsn  file "../tm4c1230h6pm_startup_ccs.c",line 244,column 5,is_stmt,isa 1
     224                        .global _c_int00
     225 00000000 BFFEF7FF!     b.w     _c_int00 ; [KEEP 32-BIT INS]
     226                            .dwpsn  file "../tm4c1230h6pm_startup_ccs.c",line 246,column 1,is_stmt,isa 1
     227                    $C$DW$4 .dwtag  DW_TAG_TI_branch
     228                            .dwattr $C$DW$4, DW_AT_low_pc(0x00)
     229                            .dwattr $C$DW$4, DW_AT_TI_return
     230 00000004 4770              BX        LR                    ; [DPU_3_PIPE]  ; [ORIG 16-BIT INS]
     231                            ; BRANCH OCCURS                  ; [] 
     232                            .dwattr $C$DW$3, DW_AT_TI_end_file("../tm4c1230h6pm_startup_ccs.c")
     233                            .dwattr $C$DW$3, DW_AT_TI_end_line(0xf6)
     234                            .dwattr $C$DW$3, DW_AT_TI_end_column(0x01)
     235                            .dwendentry
     236                            .dwendtag $C$DW$3
     237                    
     238 00000006                   .sect   ".text"
     239                            .clink
     240                            .thumbfunc NmiSR
     241 00000006                   .thumb
     242                    
     243                    $C$DW$5 .dwtag  DW_TAG_subprogram, DW_AT_name("NmiSR")
     244                            .dwattr $C$DW$5, DW_AT_low_pc(NmiSR)
     245                            .dwattr $C$DW$5, DW_AT_high_pc(0x00)
     246                            .dwattr $C$DW$5, DW_AT_TI_symbol_name("NmiSR")
     247                            .dwattr $C$DW$5, DW_AT_TI_begin_file("../tm4c1230h6pm_startup_ccs.c")
     248                            .dwattr $C$DW$5, DW_AT_TI_begin_line(0x100)
     249                            .dwattr $C$DW$5, DW_AT_TI_begin_column(0x01)
     250                            .dwattr $C$DW$5, DW_AT_decl_file("../tm4c1230h6pm_startup_ccs.c")
     251                            .dwattr $C$DW$5, DW_AT_decl_line(0x100)
     252                            .dwattr $C$DW$5, DW_AT_decl_column(0x01)
     253                            .dwattr $C$DW$5, DW_AT_TI_max_frame_size(0x00)
     254                            .dwpsn  file "../tm4c1230h6pm_startup_ccs.c",line 257,column 1,is_stmt,address NmiSR,isa 1
     255                    
     256                            .dwfde $C$DW$CIE, NmiSR
     257                    
     258                    ;*****************************************************************************
     259                    ;* FUNCTION NAME: NmiSR                                                      *
     260                    ;*                                                                           *
     261                    ;*   Regs Modified     :                                                     *
     262                    ;*   Regs Used         : LR                                                  *
     263                    ;*   Local Frame Size  : 0 Args + 0 Auto + 0 Save = 0 byte                   *
     264                    ;*****************************************************************************
     265 00000006           NmiSR:
     266                    ;* --------------------------------------------------------------------------*
     267                            .dwcfi  cfa_offset, 0
     268                            .dwpsn  file "../tm4c1230h6pm_startup_ccs.c",line 261,column 11,is_stmt,isa 1
     269                    ;* --------------------------------------------------------------------------*
     270                    ;*   BEGIN LOOP ||$C$L1||
     271                    ;*
     272                    ;*   Loop source line                : 261
     273                    ;*   Loop closing brace source line  : 263
     274                    ;*   Known Minimum Trip Count        : 1
     275                    ;*   Known Maximum Trip Count        : 4294967295
TI ARM Assembler Unix v5.2.5 Mon Feb  1 14:22:41 2016

Tools Copyright (c) 1996-2015 Texas Instruments Incorporated
tm4c1230h6pm_startup_ccs.asm                                         PAGE    6

     276                    ;*   Known Max Trip Count Factor     : 1
     277                    ;* --------------------------------------------------------------------------*
     278 00000006           ||$C$L1||:    
     279 00000006 E7FE              B         ||$C$L1||             ; [DPU_3_PIPE] |261|  ; [ORIG 16-BIT INS]
     280                            ; BRANCH OCCURS {||$C$L1||}      ; [] |261| 
     281                    ;* --------------------------------------------------------------------------*
     282                            .dwattr $C$DW$5, DW_AT_TI_end_file("../tm4c1230h6pm_startup_ccs.c")
     283                            .dwattr $C$DW$5, DW_AT_TI_end_line(0x108)
     284                            .dwattr $C$DW$5, DW_AT_TI_end_column(0x01)
     285                            .dwendentry
     286                            .dwendtag $C$DW$5
     287                    
     288 00000008                   .sect   ".text"
     289                            .clink
     290                            .thumbfunc FaultISR
     291 00000008                   .thumb
     292                    
     293                    $C$DW$6 .dwtag  DW_TAG_subprogram, DW_AT_name("FaultISR")
     294                            .dwattr $C$DW$6, DW_AT_low_pc(FaultISR)
     295                            .dwattr $C$DW$6, DW_AT_high_pc(0x00)
     296                            .dwattr $C$DW$6, DW_AT_TI_symbol_name("FaultISR")
     297                            .dwattr $C$DW$6, DW_AT_TI_begin_file("../tm4c1230h6pm_startup_ccs.c")
     298                            .dwattr $C$DW$6, DW_AT_TI_begin_line(0x112)
     299                            .dwattr $C$DW$6, DW_AT_TI_begin_column(0x01)
     300                            .dwattr $C$DW$6, DW_AT_decl_file("../tm4c1230h6pm_startup_ccs.c")
     301                            .dwattr $C$DW$6, DW_AT_decl_line(0x112)
     302                            .dwattr $C$DW$6, DW_AT_decl_column(0x01)
     303                            .dwattr $C$DW$6, DW_AT_TI_max_frame_size(0x00)
     304                            .dwpsn  file "../tm4c1230h6pm_startup_ccs.c",line 275,column 1,is_stmt,address FaultISR,isa 1
     305                    
     306                            .dwfde $C$DW$CIE, FaultISR
     307                    
     308                    ;*****************************************************************************
     309                    ;* FUNCTION NAME: FaultISR                                                   *
     310                    ;*                                                                           *
     311                    ;*   Regs Modified     :                                                     *
     312                    ;*   Regs Used         : LR                                                  *
     313                    ;*   Local Frame Size  : 0 Args + 0 Auto + 0 Save = 0 byte                   *
     314                    ;*****************************************************************************
     315 00000008           FaultISR:
     316                    ;* --------------------------------------------------------------------------*
     317                            .dwcfi  cfa_offset, 0
     318                            .dwpsn  file "../tm4c1230h6pm_startup_ccs.c",line 279,column 11,is_stmt,isa 1
     319                    ;* --------------------------------------------------------------------------*
     320                    ;*   BEGIN LOOP ||$C$L2||
     321                    ;*
     322                    ;*   Loop source line                : 279
     323                    ;*   Loop closing brace source line  : 281
     324                    ;*   Known Minimum Trip Count        : 1
     325                    ;*   Known Maximum Trip Count        : 4294967295
     326                    ;*   Known Max Trip Count Factor     : 1
     327                    ;* --------------------------------------------------------------------------*
     328 00000008           ||$C$L2||:    
     329 00000008 E7FE              B         ||$C$L2||             ; [DPU_3_PIPE] |279|  ; [ORIG 16-BIT INS]
     330                            ; BRANCH OCCURS {||$C$L2||}      ; [] |279| 
TI ARM Assembler Unix v5.2.5 Mon Feb  1 14:22:41 2016

Tools Copyright (c) 1996-2015 Texas Instruments Incorporated
tm4c1230h6pm_startup_ccs.asm                                         PAGE    7

     331                    ;* --------------------------------------------------------------------------*
     332                            .dwattr $C$DW$6, DW_AT_TI_end_file("../tm4c1230h6pm_startup_ccs.c")
     333                            .dwattr $C$DW$6, DW_AT_TI_end_line(0x11a)
     334                            .dwattr $C$DW$6, DW_AT_TI_end_column(0x01)
     335                            .dwendentry
     336                            .dwendtag $C$DW$6
     337                    
     338 0000000a                   .sect   ".text"
     339                            .clink
     340                            .thumbfunc IntDefaultHandler
     341 0000000a                   .thumb
     342                    
     343                    $C$DW$7 .dwtag  DW_TAG_subprogram, DW_AT_name("IntDefaultHandler")
     344                            .dwattr $C$DW$7, DW_AT_low_pc(IntDefaultHandler)
     345                            .dwattr $C$DW$7, DW_AT_high_pc(0x00)
     346                            .dwattr $C$DW$7, DW_AT_TI_symbol_name("IntDefaultHandler")
     347                            .dwattr $C$DW$7, DW_AT_TI_begin_file("../tm4c1230h6pm_startup_ccs.c")
     348                            .dwattr $C$DW$7, DW_AT_TI_begin_line(0x124)
     349                            .dwattr $C$DW$7, DW_AT_TI_begin_column(0x01)
     350                            .dwattr $C$DW$7, DW_AT_decl_file("../tm4c1230h6pm_startup_ccs.c")
     351                            .dwattr $C$DW$7, DW_AT_decl_line(0x124)
     352                            .dwattr $C$DW$7, DW_AT_decl_column(0x01)
     353                            .dwattr $C$DW$7, DW_AT_TI_max_frame_size(0x00)
     354                            .dwpsn  file "../tm4c1230h6pm_startup_ccs.c",line 293,column 1,is_stmt,address IntDefaultHandl
     355                    
     356                            .dwfde $C$DW$CIE, IntDefaultHandler
     357                    
     358                    ;*****************************************************************************
     359                    ;* FUNCTION NAME: IntDefaultHandler                                          *
     360                    ;*                                                                           *
     361                    ;*   Regs Modified     :                                                     *
     362                    ;*   Regs Used         : LR                                                  *
     363                    ;*   Local Frame Size  : 0 Args + 0 Auto + 0 Save = 0 byte                   *
     364                    ;*****************************************************************************
     365 0000000a           IntDefaultHandler:
     366                    ;* --------------------------------------------------------------------------*
     367                            .dwcfi  cfa_offset, 0
     368                            .dwpsn  file "../tm4c1230h6pm_startup_ccs.c",line 297,column 11,is_stmt,isa 1
     369                    ;* --------------------------------------------------------------------------*
     370                    ;*   BEGIN LOOP ||$C$L3||
     371                    ;*
     372                    ;*   Loop source line                : 297
     373                    ;*   Loop closing brace source line  : 299
     374                    ;*   Known Minimum Trip Count        : 1
     375                    ;*   Known Maximum Trip Count        : 4294967295
     376                    ;*   Known Max Trip Count Factor     : 1
     377                    ;* --------------------------------------------------------------------------*
     378 0000000a           ||$C$L3||:    
     379 0000000a E7FE              B         ||$C$L3||             ; [DPU_3_PIPE] |297|  ; [ORIG 16-BIT INS]
     380                            ; BRANCH OCCURS {||$C$L3||}      ; [] |297| 
     381                    ;* --------------------------------------------------------------------------*
     382                            .dwattr $C$DW$7, DW_AT_TI_end_file("../tm4c1230h6pm_startup_ccs.c")
     383                            .dwattr $C$DW$7, DW_AT_TI_end_line(0x12c)
     384                            .dwattr $C$DW$7, DW_AT_TI_end_column(0x01)
     385                            .dwendentry
TI ARM Assembler Unix v5.2.5 Mon Feb  1 14:22:41 2016

Tools Copyright (c) 1996-2015 Texas Instruments Incorporated
tm4c1230h6pm_startup_ccs.asm                                         PAGE    8

     386                            .dwendtag $C$DW$7
     387                    
     388                    ;*****************************************************************************
     389                    ;* UNDEFINED EXTERNAL REFERENCES                                             *
     390                    ;*****************************************************************************
     391                            .global __STACK_TOP
     392                    
     393                    ;******************************************************************************
     394                    ;* BUILD ATTRIBUTES                                                           *
     395                    ;******************************************************************************
     396                            .battr "aeabi", Tag_File, 1, Tag_ABI_PCS_wchar_t(2)
     397                            .battr "aeabi", Tag_File, 1, Tag_ABI_FP_rounding(0)
     398                            .battr "aeabi", Tag_File, 1, Tag_ABI_FP_denormal(0)
     399                            .battr "aeabi", Tag_File, 1, Tag_ABI_FP_exceptions(0)
     400                            .battr "aeabi", Tag_File, 1, Tag_ABI_FP_number_model(1)
     401                            .battr "aeabi", Tag_File, 1, Tag_ABI_enum_size(0)
     402                            .battr "aeabi", Tag_File, 1, Tag_ABI_optimization_goals(5)
     403                            .battr "aeabi", Tag_File, 1, Tag_ABI_FP_optimization_goals(0)
     404                            .battr "TI", Tag_File, 1, Tag_Bitfield_layout(2)
     405                            .battr "TI", Tag_File, 1, Tag_FP_interface(1)
     406                    
     407                    ;******************************************************************************
     408                    ;* TYPE INFORMATION                                                           *
     409                    ;******************************************************************************
     410                    $C$DW$T$2       .dwtag  DW_TAG_unspecified_type
     411                            .dwattr $C$DW$T$2, DW_AT_name("void")
     412                    
     413                    $C$DW$T$19      .dwtag  DW_TAG_subroutine_type
     414                            .dwattr $C$DW$T$19, DW_AT_language(DW_LANG_C)
     415                    $C$DW$T$20      .dwtag  DW_TAG_pointer_type
     416                            .dwattr $C$DW$T$20, DW_AT_type(*$C$DW$T$19)
     417                            .dwattr $C$DW$T$20, DW_AT_address_class(0x20)
     418                    $C$DW$T$21      .dwtag  DW_TAG_const_type
     419                            .dwattr $C$DW$T$21, DW_AT_type(*$C$DW$T$20)
     420                    
     421                    $C$DW$T$22      .dwtag  DW_TAG_array_type
     422                            .dwattr $C$DW$T$22, DW_AT_type(*$C$DW$T$21)
     423                            .dwattr $C$DW$T$22, DW_AT_language(DW_LANG_C)
     424                            .dwattr $C$DW$T$22, DW_AT_byte_size(0x26c)
     425                    $C$DW$8 .dwtag  DW_TAG_subrange_type
     426                            .dwattr $C$DW$8, DW_AT_upper_bound(0x9a)
     427                            .dwendtag $C$DW$T$22
     428                    
     429                    $C$DW$T$4       .dwtag  DW_TAG_base_type
     430                            .dwattr $C$DW$T$4, DW_AT_encoding(DW_ATE_boolean)
     431                            .dwattr $C$DW$T$4, DW_AT_name("bool")
     432                            .dwattr $C$DW$T$4, DW_AT_byte_size(0x01)
     433                    $C$DW$T$5       .dwtag  DW_TAG_base_type
     434                            .dwattr $C$DW$T$5, DW_AT_encoding(DW_ATE_signed_char)
     435                            .dwattr $C$DW$T$5, DW_AT_name("signed char")
     436                            .dwattr $C$DW$T$5, DW_AT_byte_size(0x01)
     437                    $C$DW$T$23      .dwtag  DW_TAG_typedef, DW_AT_name("int8_t")
     438                            .dwattr $C$DW$T$23, DW_AT_type(*$C$DW$T$5)
     439                            .dwattr $C$DW$T$23, DW_AT_language(DW_LANG_C)
     440                            .dwattr $C$DW$T$23, DW_AT_decl_file("/opt/ti/ccsv6/tools/compiler/ti-cgt-arm_5.2.5/include/std
TI ARM Assembler Unix v5.2.5 Mon Feb  1 14:22:41 2016

Tools Copyright (c) 1996-2015 Texas Instruments Incorporated
tm4c1230h6pm_startup_ccs.asm                                         PAGE    9

     441                            .dwattr $C$DW$T$23, DW_AT_decl_line(0x2a)
     442                            .dwattr $C$DW$T$23, DW_AT_decl_column(0x1d)
     443                    $C$DW$T$24      .dwtag  DW_TAG_typedef, DW_AT_name("int_least8_t")
     444                            .dwattr $C$DW$T$24, DW_AT_type(*$C$DW$T$23)
     445                            .dwattr $C$DW$T$24, DW_AT_language(DW_LANG_C)
     446                            .dwattr $C$DW$T$24, DW_AT_decl_file("/opt/ti/ccsv6/tools/compiler/ti-cgt-arm_5.2.5/include/std
     447                            .dwattr $C$DW$T$24, DW_AT_decl_line(0x37)
     448                            .dwattr $C$DW$T$24, DW_AT_decl_column(0x17)
     449                    $C$DW$T$6       .dwtag  DW_TAG_base_type
     450                            .dwattr $C$DW$T$6, DW_AT_encoding(DW_ATE_unsigned_char)
     451                            .dwattr $C$DW$T$6, DW_AT_name("unsigned char")
     452                            .dwattr $C$DW$T$6, DW_AT_byte_size(0x01)
     453                    $C$DW$T$25      .dwtag  DW_TAG_typedef, DW_AT_name("uint8_t")
     454                            .dwattr $C$DW$T$25, DW_AT_type(*$C$DW$T$6)
     455                            .dwattr $C$DW$T$25, DW_AT_language(DW_LANG_C)
     456                            .dwattr $C$DW$T$25, DW_AT_decl_file("/opt/ti/ccsv6/tools/compiler/ti-cgt-arm_5.2.5/include/std
     457                            .dwattr $C$DW$T$25, DW_AT_decl_line(0x2b)
     458                            .dwattr $C$DW$T$25, DW_AT_decl_column(0x1c)
     459                    $C$DW$T$26      .dwtag  DW_TAG_typedef, DW_AT_name("uint_least8_t")
     460                            .dwattr $C$DW$T$26, DW_AT_type(*$C$DW$T$25)
     461                            .dwattr $C$DW$T$26, DW_AT_language(DW_LANG_C)
     462                            .dwattr $C$DW$T$26, DW_AT_decl_file("/opt/ti/ccsv6/tools/compiler/ti-cgt-arm_5.2.5/include/std
     463                            .dwattr $C$DW$T$26, DW_AT_decl_line(0x38)
     464                            .dwattr $C$DW$T$26, DW_AT_decl_column(0x16)
     465                    $C$DW$T$7       .dwtag  DW_TAG_base_type
     466                            .dwattr $C$DW$T$7, DW_AT_encoding(DW_ATE_signed_char)
     467                            .dwattr $C$DW$T$7, DW_AT_name("wchar_t")
     468                            .dwattr $C$DW$T$7, DW_AT_byte_size(0x02)
     469                    $C$DW$T$8       .dwtag  DW_TAG_base_type
     470                            .dwattr $C$DW$T$8, DW_AT_encoding(DW_ATE_signed)
     471                            .dwattr $C$DW$T$8, DW_AT_name("short")
     472                            .dwattr $C$DW$T$8, DW_AT_byte_size(0x02)
     473                    $C$DW$T$27      .dwtag  DW_TAG_typedef, DW_AT_name("int16_t")
     474                            .dwattr $C$DW$T$27, DW_AT_type(*$C$DW$T$8)
     475                            .dwattr $C$DW$T$27, DW_AT_language(DW_LANG_C)
     476                            .dwattr $C$DW$T$27, DW_AT_decl_file("/opt/ti/ccsv6/tools/compiler/ti-cgt-arm_5.2.5/include/std
     477                            .dwattr $C$DW$T$27, DW_AT_decl_line(0x2c)
     478                            .dwattr $C$DW$T$27, DW_AT_decl_column(0x1d)
     479                    $C$DW$T$28      .dwtag  DW_TAG_typedef, DW_AT_name("int_least16_t")
     480                            .dwattr $C$DW$T$28, DW_AT_type(*$C$DW$T$27)
     481                            .dwattr $C$DW$T$28, DW_AT_language(DW_LANG_C)
     482                            .dwattr $C$DW$T$28, DW_AT_decl_file("/opt/ti/ccsv6/tools/compiler/ti-cgt-arm_5.2.5/include/std
     483                            .dwattr $C$DW$T$28, DW_AT_decl_line(0x3a)
     484                            .dwattr $C$DW$T$28, DW_AT_decl_column(0x17)
     485                    $C$DW$T$9       .dwtag  DW_TAG_base_type
     486                            .dwattr $C$DW$T$9, DW_AT_encoding(DW_ATE_unsigned)
     487                            .dwattr $C$DW$T$9, DW_AT_name("unsigned short")
     488                            .dwattr $C$DW$T$9, DW_AT_byte_size(0x02)
     489                    $C$DW$T$29      .dwtag  DW_TAG_typedef, DW_AT_name("uint16_t")
     490                            .dwattr $C$DW$T$29, DW_AT_type(*$C$DW$T$9)
     491                            .dwattr $C$DW$T$29, DW_AT_language(DW_LANG_C)
     492                            .dwattr $C$DW$T$29, DW_AT_decl_file("/opt/ti/ccsv6/tools/compiler/ti-cgt-arm_5.2.5/include/std
     493                            .dwattr $C$DW$T$29, DW_AT_decl_line(0x2d)
     494                            .dwattr $C$DW$T$29, DW_AT_decl_column(0x1c)
     495                    $C$DW$T$30      .dwtag  DW_TAG_typedef, DW_AT_name("uint_least16_t")
TI ARM Assembler Unix v5.2.5 Mon Feb  1 14:22:41 2016

Tools Copyright (c) 1996-2015 Texas Instruments Incorporated
tm4c1230h6pm_startup_ccs.asm                                         PAGE   10

     496                            .dwattr $C$DW$T$30, DW_AT_type(*$C$DW$T$29)
     497                            .dwattr $C$DW$T$30, DW_AT_language(DW_LANG_C)
     498                            .dwattr $C$DW$T$30, DW_AT_decl_file("/opt/ti/ccsv6/tools/compiler/ti-cgt-arm_5.2.5/include/std
     499                            .dwattr $C$DW$T$30, DW_AT_decl_line(0x3b)
     500                            .dwattr $C$DW$T$30, DW_AT_decl_column(0x16)
     501                    $C$DW$T$10      .dwtag  DW_TAG_base_type
     502                            .dwattr $C$DW$T$10, DW_AT_encoding(DW_ATE_signed)
     503                            .dwattr $C$DW$T$10, DW_AT_name("int")
     504                            .dwattr $C$DW$T$10, DW_AT_byte_size(0x04)
     505                    $C$DW$T$31      .dwtag  DW_TAG_typedef, DW_AT_name("int32_t")
     506                            .dwattr $C$DW$T$31, DW_AT_type(*$C$DW$T$10)
     507                            .dwattr $C$DW$T$31, DW_AT_language(DW_LANG_C)
     508                            .dwattr $C$DW$T$31, DW_AT_decl_file("/opt/ti/ccsv6/tools/compiler/ti-cgt-arm_5.2.5/include/std
     509                            .dwattr $C$DW$T$31, DW_AT_decl_line(0x2e)
     510                            .dwattr $C$DW$T$31, DW_AT_decl_column(0x1d)
     511                    $C$DW$T$32      .dwtag  DW_TAG_typedef, DW_AT_name("int_fast16_t")
     512                            .dwattr $C$DW$T$32, DW_AT_type(*$C$DW$T$31)
     513                            .dwattr $C$DW$T$32, DW_AT_language(DW_LANG_C)
     514                            .dwattr $C$DW$T$32, DW_AT_decl_file("/opt/ti/ccsv6/tools/compiler/ti-cgt-arm_5.2.5/include/std
     515                            .dwattr $C$DW$T$32, DW_AT_decl_line(0x47)
     516                            .dwattr $C$DW$T$32, DW_AT_decl_column(0x17)
     517                    $C$DW$T$33      .dwtag  DW_TAG_typedef, DW_AT_name("int_fast32_t")
     518                            .dwattr $C$DW$T$33, DW_AT_type(*$C$DW$T$31)
     519                            .dwattr $C$DW$T$33, DW_AT_language(DW_LANG_C)
     520                            .dwattr $C$DW$T$33, DW_AT_decl_file("/opt/ti/ccsv6/tools/compiler/ti-cgt-arm_5.2.5/include/std
     521                            .dwattr $C$DW$T$33, DW_AT_decl_line(0x4a)
     522                            .dwattr $C$DW$T$33, DW_AT_decl_column(0x17)
     523                    $C$DW$T$34      .dwtag  DW_TAG_typedef, DW_AT_name("int_fast8_t")
     524                            .dwattr $C$DW$T$34, DW_AT_type(*$C$DW$T$31)
     525                            .dwattr $C$DW$T$34, DW_AT_language(DW_LANG_C)
     526                            .dwattr $C$DW$T$34, DW_AT_decl_file("/opt/ti/ccsv6/tools/compiler/ti-cgt-arm_5.2.5/include/std
     527                            .dwattr $C$DW$T$34, DW_AT_decl_line(0x45)
     528                            .dwattr $C$DW$T$34, DW_AT_decl_column(0x17)
     529                    $C$DW$T$35      .dwtag  DW_TAG_typedef, DW_AT_name("int_least32_t")
     530                            .dwattr $C$DW$T$35, DW_AT_type(*$C$DW$T$31)
     531                            .dwattr $C$DW$T$35, DW_AT_language(DW_LANG_C)
     532                            .dwattr $C$DW$T$35, DW_AT_decl_file("/opt/ti/ccsv6/tools/compiler/ti-cgt-arm_5.2.5/include/std
     533                            .dwattr $C$DW$T$35, DW_AT_decl_line(0x3c)
     534                            .dwattr $C$DW$T$35, DW_AT_decl_column(0x17)
     535                    $C$DW$T$36      .dwtag  DW_TAG_typedef, DW_AT_name("intptr_t")
     536                            .dwattr $C$DW$T$36, DW_AT_type(*$C$DW$T$10)
     537                            .dwattr $C$DW$T$36, DW_AT_language(DW_LANG_C)
     538                            .dwattr $C$DW$T$36, DW_AT_decl_file("/opt/ti/ccsv6/tools/compiler/ti-cgt-arm_5.2.5/include/std
     539                            .dwattr $C$DW$T$36, DW_AT_decl_line(0x52)
     540                            .dwattr $C$DW$T$36, DW_AT_decl_column(0x1a)
     541                    $C$DW$T$11      .dwtag  DW_TAG_base_type
     542                            .dwattr $C$DW$T$11, DW_AT_encoding(DW_ATE_unsigned)
     543                            .dwattr $C$DW$T$11, DW_AT_name("unsigned int")
     544                            .dwattr $C$DW$T$11, DW_AT_byte_size(0x04)
     545                    $C$DW$T$37      .dwtag  DW_TAG_typedef, DW_AT_name("uint32_t")
     546                            .dwattr $C$DW$T$37, DW_AT_type(*$C$DW$T$11)
     547                            .dwattr $C$DW$T$37, DW_AT_language(DW_LANG_C)
     548                            .dwattr $C$DW$T$37, DW_AT_decl_file("/opt/ti/ccsv6/tools/compiler/ti-cgt-arm_5.2.5/include/std
     549                            .dwattr $C$DW$T$37, DW_AT_decl_line(0x2f)
     550                            .dwattr $C$DW$T$37, DW_AT_decl_column(0x1c)
TI ARM Assembler Unix v5.2.5 Mon Feb  1 14:22:41 2016

Tools Copyright (c) 1996-2015 Texas Instruments Incorporated
tm4c1230h6pm_startup_ccs.asm                                         PAGE   11

     551                    $C$DW$T$39      .dwtag  DW_TAG_typedef, DW_AT_name("uint_fast16_t")
     552                            .dwattr $C$DW$T$39, DW_AT_type(*$C$DW$T$37)
     553                            .dwattr $C$DW$T$39, DW_AT_language(DW_LANG_C)
     554                            .dwattr $C$DW$T$39, DW_AT_decl_file("/opt/ti/ccsv6/tools/compiler/ti-cgt-arm_5.2.5/include/std
     555                            .dwattr $C$DW$T$39, DW_AT_decl_line(0x48)
     556                            .dwattr $C$DW$T$39, DW_AT_decl_column(0x16)
     557                    $C$DW$T$40      .dwtag  DW_TAG_typedef, DW_AT_name("uint_fast32_t")
     558                            .dwattr $C$DW$T$40, DW_AT_type(*$C$DW$T$37)
     559                            .dwattr $C$DW$T$40, DW_AT_language(DW_LANG_C)
     560                            .dwattr $C$DW$T$40, DW_AT_decl_file("/opt/ti/ccsv6/tools/compiler/ti-cgt-arm_5.2.5/include/std
     561                            .dwattr $C$DW$T$40, DW_AT_decl_line(0x4b)
     562                            .dwattr $C$DW$T$40, DW_AT_decl_column(0x16)
     563                    $C$DW$T$41      .dwtag  DW_TAG_typedef, DW_AT_name("uint_fast8_t")
     564                            .dwattr $C$DW$T$41, DW_AT_type(*$C$DW$T$37)
     565                            .dwattr $C$DW$T$41, DW_AT_language(DW_LANG_C)
     566                            .dwattr $C$DW$T$41, DW_AT_decl_file("/opt/ti/ccsv6/tools/compiler/ti-cgt-arm_5.2.5/include/std
     567                            .dwattr $C$DW$T$41, DW_AT_decl_line(0x46)
     568                            .dwattr $C$DW$T$41, DW_AT_decl_column(0x16)
     569                    $C$DW$T$42      .dwtag  DW_TAG_typedef, DW_AT_name("uint_least32_t")
     570                            .dwattr $C$DW$T$42, DW_AT_type(*$C$DW$T$37)
     571                            .dwattr $C$DW$T$42, DW_AT_language(DW_LANG_C)
     572                            .dwattr $C$DW$T$42, DW_AT_decl_file("/opt/ti/ccsv6/tools/compiler/ti-cgt-arm_5.2.5/include/std
     573                            .dwattr $C$DW$T$42, DW_AT_decl_line(0x3d)
     574                            .dwattr $C$DW$T$42, DW_AT_decl_column(0x16)
     575                    $C$DW$T$43      .dwtag  DW_TAG_typedef, DW_AT_name("uintptr_t")
     576                            .dwattr $C$DW$T$43, DW_AT_type(*$C$DW$T$11)
     577                            .dwattr $C$DW$T$43, DW_AT_language(DW_LANG_C)
     578                            .dwattr $C$DW$T$43, DW_AT_decl_file("/opt/ti/ccsv6/tools/compiler/ti-cgt-arm_5.2.5/include/std
     579                            .dwattr $C$DW$T$43, DW_AT_decl_line(0x53)
     580                            .dwattr $C$DW$T$43, DW_AT_decl_column(0x1a)
     581                    $C$DW$T$12      .dwtag  DW_TAG_base_type
     582                            .dwattr $C$DW$T$12, DW_AT_encoding(DW_ATE_signed)
     583                            .dwattr $C$DW$T$12, DW_AT_name("long")
     584                            .dwattr $C$DW$T$12, DW_AT_byte_size(0x04)
     585                    $C$DW$T$13      .dwtag  DW_TAG_base_type
     586                            .dwattr $C$DW$T$13, DW_AT_encoding(DW_ATE_unsigned)
     587                            .dwattr $C$DW$T$13, DW_AT_name("unsigned long")
     588                            .dwattr $C$DW$T$13, DW_AT_byte_size(0x04)
     589                    $C$DW$T$14      .dwtag  DW_TAG_base_type
     590                            .dwattr $C$DW$T$14, DW_AT_encoding(DW_ATE_signed)
     591                            .dwattr $C$DW$T$14, DW_AT_name("long long")
     592                            .dwattr $C$DW$T$14, DW_AT_byte_size(0x08)
     593                    $C$DW$T$44      .dwtag  DW_TAG_typedef, DW_AT_name("int64_t")
     594                            .dwattr $C$DW$T$44, DW_AT_type(*$C$DW$T$14)
     595                            .dwattr $C$DW$T$44, DW_AT_language(DW_LANG_C)
     596                            .dwattr $C$DW$T$44, DW_AT_decl_file("/opt/ti/ccsv6/tools/compiler/ti-cgt-arm_5.2.5/include/std
     597                            .dwattr $C$DW$T$44, DW_AT_decl_line(0x32)
     598                            .dwattr $C$DW$T$44, DW_AT_decl_column(0x21)
     599                    $C$DW$T$45      .dwtag  DW_TAG_typedef, DW_AT_name("int_fast64_t")
     600                            .dwattr $C$DW$T$45, DW_AT_type(*$C$DW$T$44)
     601                            .dwattr $C$DW$T$45, DW_AT_language(DW_LANG_C)
     602                            .dwattr $C$DW$T$45, DW_AT_decl_file("/opt/ti/ccsv6/tools/compiler/ti-cgt-arm_5.2.5/include/std
     603                            .dwattr $C$DW$T$45, DW_AT_decl_line(0x4e)
     604                            .dwattr $C$DW$T$45, DW_AT_decl_column(0x17)
     605                    $C$DW$T$46      .dwtag  DW_TAG_typedef, DW_AT_name("int_least64_t")
TI ARM Assembler Unix v5.2.5 Mon Feb  1 14:22:41 2016

Tools Copyright (c) 1996-2015 Texas Instruments Incorporated
tm4c1230h6pm_startup_ccs.asm                                         PAGE   12

     606                            .dwattr $C$DW$T$46, DW_AT_type(*$C$DW$T$44)
     607                            .dwattr $C$DW$T$46, DW_AT_language(DW_LANG_C)
     608                            .dwattr $C$DW$T$46, DW_AT_decl_file("/opt/ti/ccsv6/tools/compiler/ti-cgt-arm_5.2.5/include/std
     609                            .dwattr $C$DW$T$46, DW_AT_decl_line(0x40)
     610                            .dwattr $C$DW$T$46, DW_AT_decl_column(0x17)
     611                    $C$DW$T$47      .dwtag  DW_TAG_typedef, DW_AT_name("intmax_t")
     612                            .dwattr $C$DW$T$47, DW_AT_type(*$C$DW$T$14)
     613                            .dwattr $C$DW$T$47, DW_AT_language(DW_LANG_C)
     614                            .dwattr $C$DW$T$47, DW_AT_decl_file("/opt/ti/ccsv6/tools/compiler/ti-cgt-arm_5.2.5/include/std
     615                            .dwattr $C$DW$T$47, DW_AT_decl_line(0x56)
     616                            .dwattr $C$DW$T$47, DW_AT_decl_column(0x20)
     617                    $C$DW$T$15      .dwtag  DW_TAG_base_type
     618                            .dwattr $C$DW$T$15, DW_AT_encoding(DW_ATE_unsigned)
     619                            .dwattr $C$DW$T$15, DW_AT_name("unsigned long long")
     620                            .dwattr $C$DW$T$15, DW_AT_byte_size(0x08)
     621                    $C$DW$T$48      .dwtag  DW_TAG_typedef, DW_AT_name("uint64_t")
     622                            .dwattr $C$DW$T$48, DW_AT_type(*$C$DW$T$15)
     623                            .dwattr $C$DW$T$48, DW_AT_language(DW_LANG_C)
     624                            .dwattr $C$DW$T$48, DW_AT_decl_file("/opt/ti/ccsv6/tools/compiler/ti-cgt-arm_5.2.5/include/std
     625                            .dwattr $C$DW$T$48, DW_AT_decl_line(0x33)
     626                            .dwattr $C$DW$T$48, DW_AT_decl_column(0x20)
     627                    $C$DW$T$49      .dwtag  DW_TAG_typedef, DW_AT_name("uint_fast64_t")
     628                            .dwattr $C$DW$T$49, DW_AT_type(*$C$DW$T$48)
     629                            .dwattr $C$DW$T$49, DW_AT_language(DW_LANG_C)
     630                            .dwattr $C$DW$T$49, DW_AT_decl_file("/opt/ti/ccsv6/tools/compiler/ti-cgt-arm_5.2.5/include/std
     631                            .dwattr $C$DW$T$49, DW_AT_decl_line(0x4f)
     632                            .dwattr $C$DW$T$49, DW_AT_decl_column(0x16)
     633                    $C$DW$T$50      .dwtag  DW_TAG_typedef, DW_AT_name("uint_least64_t")
     634                            .dwattr $C$DW$T$50, DW_AT_type(*$C$DW$T$48)
     635                            .dwattr $C$DW$T$50, DW_AT_language(DW_LANG_C)
     636                            .dwattr $C$DW$T$50, DW_AT_decl_file("/opt/ti/ccsv6/tools/compiler/ti-cgt-arm_5.2.5/include/std
     637                            .dwattr $C$DW$T$50, DW_AT_decl_line(0x41)
     638                            .dwattr $C$DW$T$50, DW_AT_decl_column(0x16)
     639                    $C$DW$T$51      .dwtag  DW_TAG_typedef, DW_AT_name("uintmax_t")
     640                            .dwattr $C$DW$T$51, DW_AT_type(*$C$DW$T$15)
     641                            .dwattr $C$DW$T$51, DW_AT_language(DW_LANG_C)
     642                            .dwattr $C$DW$T$51, DW_AT_decl_file("/opt/ti/ccsv6/tools/compiler/ti-cgt-arm_5.2.5/include/std
     643                            .dwattr $C$DW$T$51, DW_AT_decl_line(0x57)
     644                            .dwattr $C$DW$T$51, DW_AT_decl_column(0x20)
     645                    $C$DW$T$16      .dwtag  DW_TAG_base_type
     646                            .dwattr $C$DW$T$16, DW_AT_encoding(DW_ATE_float)
     647                            .dwattr $C$DW$T$16, DW_AT_name("float")
     648                            .dwattr $C$DW$T$16, DW_AT_byte_size(0x04)
     649                    $C$DW$T$17      .dwtag  DW_TAG_base_type
     650                            .dwattr $C$DW$T$17, DW_AT_encoding(DW_ATE_float)
     651                            .dwattr $C$DW$T$17, DW_AT_name("double")
     652                            .dwattr $C$DW$T$17, DW_AT_byte_size(0x08)
     653                    $C$DW$T$18      .dwtag  DW_TAG_base_type
     654                            .dwattr $C$DW$T$18, DW_AT_encoding(DW_ATE_float)
     655                            .dwattr $C$DW$T$18, DW_AT_name("long double")
     656                            .dwattr $C$DW$T$18, DW_AT_byte_size(0x08)
     657                    $C$DW$T$53      .dwtag  DW_TAG_pointer_type
     658                            .dwattr $C$DW$T$53, DW_AT_type(*$C$DW$T$6)
     659                            .dwattr $C$DW$T$53, DW_AT_address_class(0x20)
     660                    $C$DW$T$54      .dwtag  DW_TAG_typedef, DW_AT_name("__builtin_va_list")
TI ARM Assembler Unix v5.2.5 Mon Feb  1 14:22:41 2016

Tools Copyright (c) 1996-2015 Texas Instruments Incorporated
tm4c1230h6pm_startup_ccs.asm                                         PAGE   13

     661                            .dwattr $C$DW$T$54, DW_AT_type(*$C$DW$T$53)
     662                            .dwattr $C$DW$T$54, DW_AT_language(DW_LANG_C)
     663                            .dwattr $C$DW$T$54, DW_AT_decl_file("../tm4c1230h6pm_startup_ccs.c")
     664                            .dwattr $C$DW$T$54, DW_AT_decl_line(0x12c)
     665                            .dwattr $C$DW$T$54, DW_AT_decl_column(0x01)
     666                            .dwattr $C$DW$CU, DW_AT_language(DW_LANG_C)
     667                    
     668                    ;***************************************************************
     669                    ;* DWARF CIE ENTRIES                                           *
     670                    ;***************************************************************
     671                    
     672                    $C$DW$CIE       .dwcie 14
     673                            .dwcfi  cfa_register, 13
     674                            .dwcfi  cfa_offset, 0
     675                            .dwcfi  undefined, 0
     676                            .dwcfi  undefined, 1
     677                            .dwcfi  undefined, 2
     678                            .dwcfi  undefined, 3
     679                            .dwcfi  same_value, 4
     680                            .dwcfi  same_value, 5
     681                            .dwcfi  same_value, 6
     682                            .dwcfi  same_value, 7
     683                            .dwcfi  same_value, 8
     684                            .dwcfi  same_value, 9
     685                            .dwcfi  same_value, 10
     686                            .dwcfi  same_value, 11
     687                            .dwcfi  undefined, 12
     688                            .dwcfi  undefined, 13
     689                            .dwcfi  undefined, 14
     690                            .dwcfi  undefined, 14
     691                            .dwcfi  undefined, 7
     692                            .dwcfi  undefined, 64
     693                            .dwcfi  undefined, 65
     694                            .dwcfi  undefined, 66
     695                            .dwcfi  undefined, 67
     696                            .dwcfi  undefined, 68
     697                            .dwcfi  undefined, 69
     698                            .dwcfi  undefined, 70
     699                            .dwcfi  undefined, 71
     700                            .dwcfi  undefined, 72
     701                            .dwcfi  undefined, 73
     702                            .dwcfi  undefined, 74
     703                            .dwcfi  undefined, 75
     704                            .dwcfi  undefined, 76
     705                            .dwcfi  undefined, 77
     706                            .dwcfi  undefined, 78
     707                            .dwcfi  undefined, 79
     708                            .dwcfi  same_value, 80
     709                            .dwcfi  same_value, 81
     710                            .dwcfi  same_value, 82
     711                            .dwcfi  same_value, 83
     712                            .dwcfi  same_value, 84
     713                            .dwcfi  same_value, 85
     714                            .dwcfi  same_value, 86
     715                            .dwcfi  same_value, 87
TI ARM Assembler Unix v5.2.5 Mon Feb  1 14:22:41 2016

Tools Copyright (c) 1996-2015 Texas Instruments Incorporated
tm4c1230h6pm_startup_ccs.asm                                         PAGE   14

     716                            .dwcfi  same_value, 88
     717                            .dwcfi  same_value, 89
     718                            .dwcfi  same_value, 90
     719                            .dwcfi  same_value, 91
     720                            .dwcfi  same_value, 92
     721                            .dwcfi  same_value, 93
     722                            .dwcfi  same_value, 94
     723                            .dwcfi  same_value, 95
     724                            .dwendentry
     725                            .dwendtag $C$DW$CU
     726                    

--------------------------
Thumb2 Statistics
--------------------------
Number of Thumb2 ins converted to Thumb = 0 (0%)
Number of Thumb ins in input = 4 (80%)
Number of Thumb2 ins encoded as Thumb2 = 1 (100%)
Number of Thumb2 ins converted to 2 OPND Thumb = 0


No Assembly Errors, No Assembly Warnings
